{"/Users/sunita/Documents/FE-Learnings/vitest/test/utilities.ts": {"path":"/Users/sunita/Documents/FE-Learnings/vitest/test/utilities.ts","statementMap":{"0":{"start":{"line":4,"column":22},"end":{"line":14,"column":null}},"1":{"start":{"line":10,"column":2},"end":{"line":13,"column":null}}},"fnMap":{"0":{"name":"(anonymous_0)","decl":{"start":{"line":4,"column":22},"end":{"line":4,"column":null}},"loc":{"start":{"line":7,"column":5},"end":{"line":14,"column":null}},"line":7}},"branchMap":{},"s":{"0":1,"1":5},"f":{"0":5},"b":{},"meta":{"lastBranch":0,"lastFunction":1,"lastStatement":2,"seen":{"s:4:22:14:Infinity":0,"f:4:22:4:Infinity":0,"s:10:2:13:Infinity":1}}}
,"/Users/sunita/Documents/FE-Learnings/vitest/test/counter/index.tsx": {"path":"/Users/sunita/Documents/FE-Learnings/vitest/test/counter/index.tsx","statementMap":{"0":{"start":{"line":6,"column":34},"end":{"line":35,"column":null}},"1":{"start":{"line":7,"column":31},"end":{"line":7,"column":null}},"2":{"start":{"line":8,"column":24},"end":{"line":8,"column":null}},"3":{"start":{"line":10,"column":20},"end":{"line":12,"column":null}},"4":{"start":{"line":11,"column":4},"end":{"line":11,"column":null}},"5":{"start":{"line":13,"column":20},"end":{"line":15,"column":null}},"6":{"start":{"line":14,"column":4},"end":{"line":14,"column":null}},"7":{"start":{"line":16,"column":16},"end":{"line":18,"column":null}},"8":{"start":{"line":17,"column":4},"end":{"line":17,"column":null}},"9":{"start":{"line":20,"column":2},"end":{"line":33,"column":null}}},"fnMap":{"0":{"name":"(anonymous_0)","decl":{"start":{"line":6,"column":34},"end":{"line":6,"column":35}},"loc":{"start":{"line":6,"column":45},"end":{"line":35,"column":null}},"line":6},"1":{"name":"(anonymous_1)","decl":{"start":{"line":10,"column":20},"end":{"line":10,"column":26}},"loc":{"start":{"line":10,"column":26},"end":{"line":12,"column":null}},"line":10},"2":{"name":"(anonymous_2)","decl":{"start":{"line":13,"column":20},"end":{"line":13,"column":26}},"loc":{"start":{"line":13,"column":26},"end":{"line":15,"column":null}},"line":13},"3":{"name":"(anonymous_3)","decl":{"start":{"line":16,"column":16},"end":{"line":16,"column":22}},"loc":{"start":{"line":16,"column":22},"end":{"line":18,"column":null}},"line":16}},"branchMap":{"0":{"loc":{"start":{"line":7,"column":10},"end":{"line":7,"column":27}},"type":"default-arg","locations":[{"start":{"line":7,"column":25},"end":{"line":7,"column":27}}],"line":7}},"s":{"0":1,"1":12,"2":12,"3":12,"4":5,"5":12,"6":1,"7":12,"8":1,"9":12},"f":{"0":12,"1":5,"2":1,"3":1},"b":{"0":[12]},"meta":{"lastBranch":1,"lastFunction":4,"lastStatement":10,"seen":{"s:6:34:35:Infinity":0,"f:6:34:6:35":0,"s:7:31:7:Infinity":1,"b:7:25:7:27":0,"s:8:24:8:Infinity":2,"s:10:20:12:Infinity":3,"f:10:20:10:26":1,"s:11:4:11:Infinity":4,"s:13:20:15:Infinity":5,"f:13:20:13:26":2,"s:14:4:14:Infinity":6,"s:16:16:18:Infinity":7,"f:16:16:16:22":3,"s:17:4:17:Infinity":8,"s:20:2:33:Infinity":9}}}
,"/Users/sunita/Documents/FE-Learnings/vitest/test/great-expectation/item-slice.ts": {"path":"/Users/sunita/Documents/FE-Learnings/vitest/test/great-expectation/item-slice.ts","statementMap":{"0":{"start":{"line":10,"column":29},"end":{"line":10,"column":null}},"1":{"start":{"line":12,"column":6},"end":{"line":43,"column":null}},"2":{"start":{"line":17,"column":19},"end":{"line":17,"column":null}},"3":{"start":{"line":18,"column":19},"end":{"line":18,"column":null}},"4":{"start":{"line":19,"column":6},"end":{"line":19,"column":null}},"5":{"start":{"line":22,"column":17},"end":{"line":22,"column":null}},"6":{"start":{"line":23,"column":19},"end":{"line":23,"column":null}},"7":{"start":{"line":23,"column":40},"end":{"line":23,"column":54}},"8":{"start":{"line":24,"column":6},"end":{"line":24,"column":null}},"9":{"start":{"line":24,"column":16},"end":{"line":24,"column":null}},"10":{"start":{"line":27,"column":17},"end":{"line":27,"column":null}},"11":{"start":{"line":28,"column":19},"end":{"line":28,"column":null}},"12":{"start":{"line":28,"column":40},"end":{"line":28,"column":54}},"13":{"start":{"line":29,"column":6},"end":{"line":29,"column":null}},"14":{"start":{"line":29,"column":16},"end":{"line":29,"column":null}},"15":{"start":{"line":33,"column":17},"end":{"line":33,"column":null}},"16":{"start":{"line":34,"column":22},"end":{"line":34,"column":null}},"17":{"start":{"line":34,"column":48},"end":{"line":34,"column":62}},"18":{"start":{"line":35,"column":6},"end":{"line":35,"column":null}},"19":{"start":{"line":35,"column":24},"end":{"line":35,"column":null}},"20":{"start":{"line":38,"column":6},"end":{"line":40,"column":null}},"21":{"start":{"line":39,"column":8},"end":{"line":39,"column":null}},"22":{"start":{"line":46,"column":2},"end":{"line":46,"column":null}}},"fnMap":{"0":{"name":"(anonymous_0)","decl":{"start":{"line":16,"column":4},"end":{"line":16,"column":8}},"loc":{"start":{"line":16,"column":56},"end":{"line":20,"column":null}},"line":16},"1":{"name":"(anonymous_1)","decl":{"start":{"line":21,"column":4},"end":{"line":21,"column":11}},"loc":{"start":{"line":21,"column":57},"end":{"line":25,"column":null}},"line":21},"2":{"name":"(anonymous_2)","decl":{"start":{"line":23,"column":30},"end":{"line":23,"column":31}},"loc":{"start":{"line":23,"column":40},"end":{"line":23,"column":54}},"line":23},"3":{"name":"(anonymous_3)","decl":{"start":{"line":26,"column":4},"end":{"line":26,"column":11}},"loc":{"start":{"line":26,"column":66},"end":{"line":30,"column":null}},"line":26},"4":{"name":"(anonymous_4)","decl":{"start":{"line":28,"column":30},"end":{"line":28,"column":31}},"loc":{"start":{"line":28,"column":40},"end":{"line":28,"column":54}},"line":28},"5":{"name":"(anonymous_5)","decl":{"start":{"line":32,"column":4},"end":{"line":32,"column":11}},"loc":{"start":{"line":32,"column":57},"end":{"line":36,"column":null}},"line":32},"6":{"name":"(anonymous_6)","decl":{"start":{"line":34,"column":38},"end":{"line":34,"column":39}},"loc":{"start":{"line":34,"column":48},"end":{"line":34,"column":62}},"line":34},"7":{"name":"(anonymous_7)","decl":{"start":{"line":37,"column":4},"end":{"line":37,"column":21}},"loc":{"start":{"line":37,"column":28},"end":{"line":41,"column":null}},"line":37},"8":{"name":"(anonymous_8)","decl":{"start":{"line":38,"column":20},"end":{"line":38,"column":21}},"loc":{"start":{"line":38,"column":28},"end":{"line":40,"column":7}},"line":38}},"branchMap":{"0":{"loc":{"start":{"line":24,"column":6},"end":{"line":24,"column":null}},"type":"if","locations":[{"start":{"line":24,"column":6},"end":{"line":24,"column":null}},{"start":{},"end":{}}],"line":24},"1":{"loc":{"start":{"line":29,"column":6},"end":{"line":29,"column":null}},"type":"if","locations":[{"start":{"line":29,"column":6},"end":{"line":29,"column":null}},{"start":{},"end":{}}],"line":29},"2":{"loc":{"start":{"line":35,"column":6},"end":{"line":35,"column":null}},"type":"if","locations":[{"start":{"line":35,"column":6},"end":{"line":35,"column":null}},{"start":{},"end":{}}],"line":35}},"s":{"0":1,"1":1,"2":3,"3":3,"4":3,"5":0,"6":0,"7":0,"8":0,"9":0,"10":0,"11":0,"12":0,"13":0,"14":0,"15":0,"16":0,"17":0,"18":0,"19":0,"20":0,"21":0,"22":1},"f":{"0":3,"1":0,"2":0,"3":0,"4":0,"5":0,"6":0,"7":0,"8":0},"b":{"0":[0,0],"1":[0,0],"2":[0,0]},"meta":{"lastBranch":3,"lastFunction":9,"lastStatement":23,"seen":{"s:10:29:10:Infinity":0,"s:12:6:43:Infinity":1,"f:16:4:16:8":0,"s:17:19:17:Infinity":2,"s:18:19:18:Infinity":3,"s:19:6:19:Infinity":4,"f:21:4:21:11":1,"s:22:17:22:Infinity":5,"s:23:19:23:Infinity":6,"f:23:30:23:31":2,"s:23:40:23:54":7,"b:24:6:24:Infinity:undefined:undefined:undefined:undefined":0,"s:24:6:24:Infinity":8,"s:24:16:24:Infinity":9,"f:26:4:26:11":3,"s:27:17:27:Infinity":10,"s:28:19:28:Infinity":11,"f:28:30:28:31":4,"s:28:40:28:54":12,"b:29:6:29:Infinity:undefined:undefined:undefined:undefined":1,"s:29:6:29:Infinity":13,"s:29:16:29:Infinity":14,"f:32:4:32:11":5,"s:33:17:33:Infinity":15,"s:34:22:34:Infinity":16,"f:34:38:34:39":6,"s:34:48:34:62":17,"b:35:6:35:Infinity:undefined:undefined:undefined:undefined":2,"s:35:6:35:Infinity":18,"s:35:24:35:Infinity":19,"f:37:4:37:21":7,"s:38:6:40:Infinity":20,"f:38:20:38:21":8,"s:39:8:39:Infinity":21,"s:46:2:46:Infinity":22}}}
}
